Using pre-set license
Built from '2020.2/release' branch; Version is '2020.2.1f1 (270dd8c3da1c) revision 2559448'; Using compiler version '192528614'; Build Type 'Release'
OS: 'Windows 10  (10.0.0) 64bit' Language: 'en' Physical Memory: 16262 MB
BatchMode: 1, IsHumanControllingUs: 0, StartBugReporterOnCrash: 0, Is64bit: 1, IsPro: 0

 COMMAND LINE ARGUMENTS:
C:\Program Files\Unity\Hub\Editor\2020.2.1f1\Editor\Unity.exe
-adb2
-batchMode
-noUpm
-name
AssetImportWorker0
-projectPath
D:/faculta/s1/vr/projectv2
-logFile
Logs/AssetImportWorker0.log
-srvPort
52583
Successfully changed project path to: D:/faculta/s1/vr/projectv2
D:/faculta/s1/vr/projectv2
Using Asset Import Pipeline V2.
Refreshing native plugins compatible for Editor in 23.49 ms, found 0 plugins.
Preloading 0 native plugins for Editor in 0.00 ms.
Initialize engine version: 2020.2.1f1 (270dd8c3da1c)
[Subsystems] Discovering subsystems at path C:/Program Files/Unity/Hub/Editor/2020.2.1f1/Editor/Data/Resources/UnitySubsystems
[Subsystems] Discovering subsystems at path D:/faculta/s1/vr/projectv2/Assets
GfxDevice: creating device client; threaded=0
Direct3D:
    Version:  Direct3D 11.0 [level 11.1]
    Renderer: AMD Radeon (TM) R7 360 Series (ID=0x665f)
    Vendor:   
    VRAM:     2024 MB
    Driver:   26.20.12028.2
Initialize mono
Mono path[0] = 'C:/Program Files/Unity/Hub/Editor/2020.2.1f1/Editor/Data/Managed'
Mono path[1] = 'C:/Program Files/Unity/Hub/Editor/2020.2.1f1/Editor/Data/MonoBleedingEdge/lib/mono/unityjit'
Mono config path = 'C:/Program Files/Unity/Hub/Editor/2020.2.1f1/Editor/Data/MonoBleedingEdge/etc'
Using monoOptions --debugger-agent=transport=dt_socket,embedding=1,server=y,suspend=n,address=127.0.0.1:56528
Begin MonoManager ReloadAssembly
Registering precompiled unity dll's ...
Register platform support module: C:/Program Files/Unity/Hub/Editor/2020.2.1f1/Editor/Data/PlaybackEngines/WebGLSupport/UnityEditor.WebGL.Extensions.dll
Register platform support module: C:/Program Files/Unity/Hub/Editor/2020.2.1f1/Editor/Data/PlaybackEngines/MacStandaloneSupport/UnityEditor.OSXStandalone.Extensions.dll
Register platform support module: C:/Program Files/Unity/Hub/Editor/2020.2.1f1/Editor/Data/PlaybackEngines/WindowsStandaloneSupport/UnityEditor.WindowsStandalone.Extensions.dll
Register platform support module: C:/Program Files/Unity/Hub/Editor/2020.2.1f1/Editor/Data/PlaybackEngines/LinuxStandaloneSupport/UnityEditor.LinuxStandalone.Extensions.dll
Registered in 0.006109 seconds.
Native extension for LinuxStandalone target not found
Native extension for WindowsStandalone target not found
Native extension for OSXStandalone target not found
Native extension for WebGL target not found
Refreshing native plugins compatible for Editor in 29.32 ms, found 0 plugins.
Preloading 0 native plugins for Editor in 0.00 ms.
Invoked RoslynAnalysisRunner static constructor.
RoslynAnalysisRunner will not be running.
RoslynAnalysisRunner has terminated.
Mono: successfully reloaded assembly
- Completed reload, in  4.020 seconds
Platform modules already initialized, skipping
Registering precompiled user dll's ...
Registered in 0.000845 seconds.
Begin MonoManager ReloadAssembly
Native extension for LinuxStandalone target not found
Native extension for WindowsStandalone target not found
Native extension for OSXStandalone target not found
Native extension for WebGL target not found
Refreshing native plugins compatible for Editor in 0.25 ms, found 0 plugins.
Preloading 0 native plugins for Editor in 0.00 ms.
Invoked RoslynAnalysisRunner static constructor.
RoslynAnalysisRunner will not be running.
RoslynAnalysisRunner has terminated.
Mono: successfully reloaded assembly
- Completed reload, in  0.981 seconds
Platform modules already initialized, skipping
========================================================================
Worker process is ready to serve import requests
Launched and connected shader compiler UnityShaderCompiler.exe after 0.04 seconds
Refreshing native plugins compatible for Editor in 0.25 ms, found 0 plugins.
Preloading 0 native plugins for Editor in 0.00 ms.
Unloading 1094 Unused Serialized files (Serialized files now loaded: 0)
System memory in use before: 55.9 MB.
System memory in use after: 55.9 MB.

Unloading 10 unused Assets to reduce memory usage. Loaded Objects now: 1533.
Total: 2.154500 ms (FindLiveObjects: 0.165700 ms CreateObjectMapping: 0.069600 ms MarkObjects: 1.833200 ms  DeleteObjects: 0.083400 ms)

========================================================================
Received Import Request.
  path: Assets/Scenes
  artifactKey: Guid(3ec7e3ee617c54b458c24e9f7c58ba3c) Importer(815301076,1909f56bfc062723c751e8b465ee728b)
Start importing Assets/Scenes using Guid(3ec7e3ee617c54b458c24e9f7c58ba3c) Importer(815301076,1909f56bfc062723c751e8b465ee728b)  -> (artifact id: 'b636fe4b388230bb13b2f14835c1bdc7') in 0.007223 seconds
  Import took 0.014972 seconds .

========================================================================
Received Import Request.
  Time since last request: 184.492786 seconds.
  path: Assets
  artifactKey: Guid(00000000000000001000000000000000) Importer(815301076,1909f56bfc062723c751e8b465ee728b)
Start importing Assets using Guid(00000000000000001000000000000000) Importer(815301076,1909f56bfc062723c751e8b465ee728b)  -> (artifact id: 'e1a2c4dac9df7c17871e19a3b74f0e9f') in 0.004476 seconds
  Import took 0.065458 seconds .

========================================================================
Received Import Request.
  Time since last request: 1.880996 seconds.
  path: Assets/NewBehaviourScript.cs
  artifactKey: Guid(a85b7dc674b0e254e861fc0e24e42cda) Importer(815301076,1909f56bfc062723c751e8b465ee728b)
Start importing Assets/NewBehaviourScript.cs using Guid(a85b7dc674b0e254e861fc0e24e42cda) Importer(815301076,1909f56bfc062723c751e8b465ee728b)  -> (artifact id: '8d0626144e633b6b3aa8a716d3030070') in 0.048392 seconds
  Import took 0.055487 seconds .

========================================================================
Received Prepare
Registering precompiled user dll's ...
Registered in 0.000812 seconds.
Begin MonoManager ReloadAssembly
Native extension for LinuxStandalone target not found
Native extension for WindowsStandalone target not found
Native extension for OSXStandalone target not found
Native extension for WebGL target not found
Refreshing native plugins compatible for Editor in 0.24 ms, found 0 plugins.
Preloading 0 native plugins for Editor in 0.00 ms.
Invoked RoslynAnalysisRunner static constructor.
RoslynAnalysisRunner will not be running.
RoslynAnalysisRunner has terminated.
Mono: successfully reloaded assembly
- Completed reload, in  0.902 seconds
Platform modules already initialized, skipping
Refreshing native plugins compatible for Editor in 0.27 ms, found 0 plugins.
Preloading 0 native plugins for Editor in 0.00 ms.
Unloading 1090 Unused Serialized files (Serialized files now loaded: 0)
System memory in use before: 55.9 MB.
System memory in use after: 56.0 MB.

Unloading 5 unused Assets to reduce memory usage. Loaded Objects now: 1536.
Total: 2.005600 ms (FindLiveObjects: 0.170000 ms CreateObjectMapping: 0.036200 ms MarkObjects: 1.718800 ms  DeleteObjects: 0.078800 ms)

========================================================================
Received Prepare
Registering precompiled user dll's ...
Registered in 0.000743 seconds.
Begin MonoManager ReloadAssembly
Native extension for LinuxStandalone target not found
Native extension for WindowsStandalone target not found
Native extension for OSXStandalone target not found
Native extension for WebGL target not found
Refreshing native plugins compatible for Editor in 0.35 ms, found 0 plugins.
Preloading 0 native plugins for Editor in 0.00 ms.
Invoked RoslynAnalysisRunner static constructor.
RoslynAnalysisRunner will not be running.
RoslynAnalysisRunner has terminated.
Mono: successfully reloaded assembly
- Completed reload, in  0.980 seconds
Platform modules already initialized, skipping
Refreshing native plugins compatible for Editor in 0.22 ms, found 0 plugins.
Preloading 0 native plugins for Editor in 0.00 ms.
Unloading 1089 Unused Serialized files (Serialized files now loaded: 0)
System memory in use before: 56.0 MB.
System memory in use after: 56.0 MB.

Unloading 6 unused Assets to reduce memory usage. Loaded Objects now: 1537.
Total: 1.959000 ms (FindLiveObjects: 0.159000 ms CreateObjectMapping: 0.034700 ms MarkObjects: 1.678600 ms  DeleteObjects: 0.084700 ms)

========================================================================
Received Import Request.
  Time since last request: 28.245644 seconds.
  path: Assets/Scripts
  artifactKey: Guid(cc7bf866413df36408e1cbae28c89822) Importer(815301076,1909f56bfc062723c751e8b465ee728b)
Start importing Assets/Scripts using Guid(cc7bf866413df36408e1cbae28c89822) Importer(815301076,1909f56bfc062723c751e8b465ee728b)  -> (artifact id: 'e708f82d871a689d70e35d4f2efa6a50') in 0.005760 seconds
  Import took 0.013286 seconds .

========================================================================
Received Import Request.
  Time since last request: 35.405283 seconds.
  path: Assets/Scripts/CameraController.cs
  artifactKey: Guid(b3f9cca81500ae1458eb601043fcc9d2) Importer(815301076,1909f56bfc062723c751e8b465ee728b)
Start importing Assets/Scripts/CameraController.cs using Guid(b3f9cca81500ae1458eb601043fcc9d2) Importer(815301076,1909f56bfc062723c751e8b465ee728b)  -> (artifact id: 'c6b5195d6af215206be883de23186ff6') in 0.003603 seconds
  Import took 0.065309 seconds .

========================================================================
Received Prepare
Registering precompiled user dll's ...
Registered in 0.000810 seconds.
Begin MonoManager ReloadAssembly
Native extension for LinuxStandalone target not found
Native extension for WindowsStandalone target not found
Native extension for OSXStandalone target not found
Native extension for WebGL target not found
Refreshing native plugins compatible for Editor in 0.36 ms, found 0 plugins.
Preloading 0 native plugins for Editor in 0.00 ms.
Invoked RoslynAnalysisRunner static constructor.
RoslynAnalysisRunner will not be running.
RoslynAnalysisRunner has terminated.
Mono: successfully reloaded assembly
- Completed reload, in  0.964 seconds
Platform modules already initialized, skipping
Refreshing native plugins compatible for Editor in 0.50 ms, found 0 plugins.
Preloading 0 native plugins for Editor in 0.00 ms.
Unloading 1090 Unused Serialized files (Serialized files now loaded: 0)
System memory in use before: 56.1 MB.
System memory in use after: 56.1 MB.

Unloading 5 unused Assets to reduce memory usage. Loaded Objects now: 1540.
Total: 1.830900 ms (FindLiveObjects: 0.172800 ms CreateObjectMapping: 0.039200 ms MarkObjects: 1.565900 ms  DeleteObjects: 0.051800 ms)

========================================================================
Received Prepare
Registering precompiled user dll's ...
Registered in 0.000654 seconds.
Begin MonoManager ReloadAssembly
Native extension for LinuxStandalone target not found
Native extension for WindowsStandalone target not found
Native extension for OSXStandalone target not found
Native extension for WebGL target not found
Refreshing native plugins compatible for Editor in 0.23 ms, found 0 plugins.
Preloading 0 native plugins for Editor in 0.00 ms.
Invoked RoslynAnalysisRunner static constructor.
RoslynAnalysisRunner will not be running.
RoslynAnalysisRunner has terminated.
Mono: successfully reloaded assembly
- Completed reload, in  1.276 seconds
Platform modules already initialized, skipping
Refreshing native plugins compatible for Editor in 0.38 ms, found 0 plugins.
Preloading 0 native plugins for Editor in 0.00 ms.
Unloading 1090 Unused Serialized files (Serialized files now loaded: 0)
System memory in use before: 56.1 MB.
System memory in use after: 56.2 MB.

Unloading 5 unused Assets to reduce memory usage. Loaded Objects now: 1542.
Total: 1.994000 ms (FindLiveObjects: 0.202400 ms CreateObjectMapping: 0.084200 ms MarkObjects: 1.655600 ms  DeleteObjects: 0.050300 ms)

========================================================================
Received Import Request.
  Time since last request: 49.852846 seconds.
  path: Assets/Scripts/CameraController.cs
  artifactKey: Guid(b3f9cca81500ae1458eb601043fcc9d2) Importer(815301076,1909f56bfc062723c751e8b465ee728b)
Start importing Assets/Scripts/CameraController.cs using Guid(b3f9cca81500ae1458eb601043fcc9d2) Importer(815301076,1909f56bfc062723c751e8b465ee728b)  -> (artifact id: '2d54c6f3b84718c0e51b3e3daa0ba157') in 0.007579 seconds
  Import took 0.038264 seconds .

========================================================================
Received Import Request.
  Time since last request: 8.004156 seconds.
  path: Assets/Scripts/PlayerController.cs
  artifactKey: Guid(088e2d41c45a34544853af3eb85af992) Importer(815301076,1909f56bfc062723c751e8b465ee728b)
Start importing Assets/Scripts/PlayerController.cs using Guid(088e2d41c45a34544853af3eb85af992) Importer(815301076,1909f56bfc062723c751e8b465ee728b)  -> (artifact id: '8b282b845e840b3cfbd7cb3166ab7ca8') in 0.004949 seconds
  Import took 0.037186 seconds .

========================================================================
Received Prepare
Registering precompiled user dll's ...
Registered in 0.000712 seconds.
Begin MonoManager ReloadAssembly
Native extension for LinuxStandalone target not found
Native extension for WindowsStandalone target not found
Native extension for OSXStandalone target not found
Native extension for WebGL target not found
Refreshing native plugins compatible for Editor in 0.35 ms, found 0 plugins.
Preloading 0 native plugins for Editor in 0.00 ms.
Invoked RoslynAnalysisRunner static constructor.
RoslynAnalysisRunner will not be running.
RoslynAnalysisRunner has terminated.
Mono: successfully reloaded assembly
- Completed reload, in  1.321 seconds
Platform modules already initialized, skipping
Refreshing native plugins compatible for Editor in 0.35 ms, found 0 plugins.
Preloading 0 native plugins for Editor in 0.00 ms.
Unloading 1091 Unused Serialized files (Serialized files now loaded: 0)
System memory in use before: 56.2 MB.
System memory in use after: 56.3 MB.

Unloading 5 unused Assets to reduce memory usage. Loaded Objects now: 1545.
Total: 2.056300 ms (FindLiveObjects: 0.273400 ms CreateObjectMapping: 0.090600 ms MarkObjects: 1.616700 ms  DeleteObjects: 0.073700 ms)

========================================================================
Received Prepare
Registering precompiled user dll's ...
Registered in 0.000781 seconds.
Begin MonoManager ReloadAssembly
Native extension for LinuxStandalone target not found
Native extension for WindowsStandalone target not found
Native extension for OSXStandalone target not found
Native extension for WebGL target not found
Refreshing native plugins compatible for Editor in 0.22 ms, found 0 plugins.
Preloading 0 native plugins for Editor in 0.00 ms.
Invoked RoslynAnalysisRunner static constructor.
RoslynAnalysisRunner will not be running.
RoslynAnalysisRunner has terminated.
Mono: successfully reloaded assembly
- Completed reload, in  0.947 seconds
Platform modules already initialized, skipping
Refreshing native plugins compatible for Editor in 0.34 ms, found 0 plugins.
Preloading 0 native plugins for Editor in 0.00 ms.
Unloading 1091 Unused Serialized files (Serialized files now loaded: 0)
System memory in use before: 56.3 MB.
System memory in use after: 56.4 MB.

Unloading 5 unused Assets to reduce memory usage. Loaded Objects now: 1547.
Total: 1.876500 ms (FindLiveObjects: 0.162500 ms CreateObjectMapping: 0.046800 ms MarkObjects: 1.586500 ms  DeleteObjects: 0.079500 ms)

========================================================================
Received Prepare
Registering precompiled user dll's ...
Registered in 0.001238 seconds.
Begin MonoManager ReloadAssembly
Native extension for LinuxStandalone target not found
Native extension for WindowsStandalone target not found
Native extension for OSXStandalone target not found
Native extension for WebGL target not found
Refreshing native plugins compatible for Editor in 0.24 ms, found 0 plugins.
Preloading 0 native plugins for Editor in 0.00 ms.
Invoked RoslynAnalysisRunner static constructor.
RoslynAnalysisRunner will not be running.
RoslynAnalysisRunner has terminated.
Mono: successfully reloaded assembly
- Completed reload, in  1.057 seconds
Platform modules already initialized, skipping
Refreshing native plugins compatible for Editor in 0.30 ms, found 0 plugins.
Preloading 0 native plugins for Editor in 0.00 ms.
Unloading 1091 Unused Serialized files (Serialized files now loaded: 0)
System memory in use before: 56.4 MB.
System memory in use after: 56.5 MB.

Unloading 5 unused Assets to reduce memory usage. Loaded Objects now: 1549.
Total: 3.449200 ms (FindLiveObjects: 0.327500 ms CreateObjectMapping: 0.068800 ms MarkObjects: 2.980300 ms  DeleteObjects: 0.070700 ms)

========================================================================
Received Prepare
Registering precompiled user dll's ...
Registered in 0.000825 seconds.
Begin MonoManager ReloadAssembly
Native extension for LinuxStandalone target not found
Native extension for WindowsStandalone target not found
Native extension for OSXStandalone target not found
Native extension for WebGL target not found
Refreshing native plugins compatible for Editor in 0.29 ms, found 0 plugins.
Preloading 0 native plugins for Editor in 0.00 ms.
Invoked RoslynAnalysisRunner static constructor.
RoslynAnalysisRunner will not be running.
RoslynAnalysisRunner has terminated.
Mono: successfully reloaded assembly
- Completed reload, in  1.008 seconds
Platform modules already initialized, skipping
Refreshing native plugins compatible for Editor in 0.22 ms, found 0 plugins.
Preloading 0 native plugins for Editor in 0.00 ms.
Unloading 1091 Unused Serialized files (Serialized files now loaded: 0)
System memory in use before: 56.5 MB.
System memory in use after: 56.5 MB.

Unloading 5 unused Assets to reduce memory usage. Loaded Objects now: 1551.
Total: 1.565300 ms (FindLiveObjects: 0.129900 ms CreateObjectMapping: 0.035300 ms MarkObjects: 1.354000 ms  DeleteObjects: 0.044500 ms)

========================================================================
Received Prepare
Registering precompiled user dll's ...
Registered in 0.000721 seconds.
Begin MonoManager ReloadAssembly
Native extension for LinuxStandalone target not found
Native extension for WindowsStandalone target not found
Native extension for OSXStandalone target not found
Native extension for WebGL target not found
Refreshing native plugins compatible for Editor in 0.29 ms, found 0 plugins.
Preloading 0 native plugins for Editor in 0.00 ms.
Invoked RoslynAnalysisRunner static constructor.
RoslynAnalysisRunner will not be running.
RoslynAnalysisRunner has terminated.
Mono: successfully reloaded assembly
- Completed reload, in  1.619 seconds
Platform modules already initialized, skipping
Refreshing native plugins compatible for Editor in 0.38 ms, found 0 plugins.
Preloading 0 native plugins for Editor in 0.00 ms.
Unloading 1091 Unused Serialized files (Serialized files now loaded: 0)
System memory in use before: 56.5 MB.
System memory in use after: 56.6 MB.

Unloading 5 unused Assets to reduce memory usage. Loaded Objects now: 1553.
Total: 3.180300 ms (FindLiveObjects: 0.202000 ms CreateObjectMapping: 0.072600 ms MarkObjects: 2.848800 ms  DeleteObjects: 0.055200 ms)

========================================================================
Received Import Request.
  Time since last request: 568.456065 seconds.
  path: Assets/PBR Folding Chairs
  artifactKey: Guid(53bdd23d8a242664a8a1b46a2c06d9bc) Importer(815301076,1909f56bfc062723c751e8b465ee728b)
Start importing Assets/PBR Folding Chairs using Guid(53bdd23d8a242664a8a1b46a2c06d9bc) Importer(815301076,1909f56bfc062723c751e8b465ee728b)  -> (artifact id: 'bb1c4aee4622ec9f99fb5d0d8fead8bb') in 0.008059 seconds
  Import took 0.019724 seconds .

========================================================================
Received Import Request.
  Time since last request: 0.036977 seconds.
  path: Assets/PBR Folding Chairs/chFolding.A2.prefab
  artifactKey: Guid(12c0514646d7b6b45b8439112435321e) Importer(815301076,1909f56bfc062723c751e8b465ee728b)
Start importing Assets/PBR Folding Chairs/chFolding.A2.prefab using Guid(12c0514646d7b6b45b8439112435321e) Importer(815301076,1909f56bfc062723c751e8b465ee728b)  -> (artifact id: '54cb9eff6310eeac2978cb2f3e42385c') in 0.485991 seconds
  Import took 0.493386 seconds .

========================================================================
Received Import Request.
  Time since last request: 0.000715 seconds.
  path: Assets/PBR Folding Chairs/chFolding.A4.prefab
  artifactKey: Guid(5009eca976e988c4897ba76fd171b10a) Importer(815301076,1909f56bfc062723c751e8b465ee728b)
Start importing Assets/PBR Folding Chairs/chFolding.A4.prefab using Guid(5009eca976e988c4897ba76fd171b10a) Importer(815301076,1909f56bfc062723c751e8b465ee728b)  -> (artifact id: '5c2999d312c30fdd02323ee8c6392514') in 0.042558 seconds
  Import took 0.077377 seconds .

========================================================================
Received Prepare
Registering precompiled user dll's ...
Registered in 0.000633 seconds.
Begin MonoManager ReloadAssembly
Native extension for LinuxStandalone target not found
Native extension for WindowsStandalone target not found
Native extension for OSXStandalone target not found
Native extension for WebGL target not found
Refreshing native plugins compatible for Editor in 0.42 ms, found 0 plugins.
Preloading 0 native plugins for Editor in 0.00 ms.
Invoked RoslynAnalysisRunner static constructor.
RoslynAnalysisRunner will not be running.
RoslynAnalysisRunner has terminated.
Mono: successfully reloaded assembly
- Completed reload, in  1.148 seconds
Platform modules already initialized, skipping
Refreshing native plugins compatible for Editor in 0.66 ms, found 0 plugins.
Preloading 0 native plugins for Editor in 0.00 ms.
Unloading 1091 Unused Serialized files (Serialized files now loaded: 0)
System memory in use before: 60.1 MB.
System memory in use after: 60.2 MB.

Unloading 5 unused Assets to reduce memory usage. Loaded Objects now: 1564.
Total: 4.393000 ms (FindLiveObjects: 0.351900 ms CreateObjectMapping: 0.260500 ms MarkObjects: 3.703400 ms  DeleteObjects: 0.074500 ms)

========================================================================
Received Import Request.
  Time since last request: 195.795861 seconds.
  path: Assets/New Folder
  artifactKey: Guid(07327ab2175795f48ae98f7b14d860ca) Importer(815301076,1909f56bfc062723c751e8b465ee728b)
Start importing Assets/New Folder using Guid(07327ab2175795f48ae98f7b14d860ca) Importer(815301076,1909f56bfc062723c751e8b465ee728b)  -> (artifact id: '07f2ffb336d4117f46d3cdf91101d389') in 0.007394 seconds
  Import took 0.057738 seconds .

========================================================================
Received Import Request.
  Time since last request: 274.762555 seconds.
  path: Assets/Open3d (1).max
  artifactKey: Guid(085f70a0e8fa8484cbd83c7b477a0df5) Importer(815301076,1909f56bfc062723c751e8b465ee728b)
Start importing Assets/Open3d (1).max using Guid(085f70a0e8fa8484cbd83c7b477a0df5) Importer(815301076,1909f56bfc062723c751e8b465ee728b)  -> (artifact id: '7f53c646c3752611868f9f027829c0d7') in 0.018567 seconds
  Import took 0.026926 seconds .

========================================================================
Received Import Request.
  Time since last request: 425.005286 seconds.
  path: Assets/Open3d (1).fbx
  artifactKey: Guid(a5a86b3a08115804493d9995b228ed79) Importer(815301076,1909f56bfc062723c751e8b465ee728b)
Start importing Assets/Open3d (1).fbx using Guid(a5a86b3a08115804493d9995b228ed79) Importer(815301076,1909f56bfc062723c751e8b465ee728b)  -> (artifact id: 'c702e413374b207d470aadfd1db8fd41') in 0.840105 seconds
  Import took 0.893361 seconds .

========================================================================
Received Import Request.
  Time since last request: 169.646437 seconds.
  path: Assets/people.3DS
  artifactKey: Guid(fb704c2fa11546d4eae34e0cce73103d) Importer(815301076,1909f56bfc062723c751e8b465ee728b)
Start importing Assets/people.3DS using Guid(fb704c2fa11546d4eae34e0cce73103d) Importer(815301076,1909f56bfc062723c751e8b465ee728b)  -> (artifact id: '0ccacf37d38d70f91f9c04ba33aef4ed') in 2.311410 seconds
  Import took 2.353526 seconds .

========================================================================
Received Import Request.
  Time since last request: 83.434218 seconds.
  path: Assets/ReZStudios
  artifactKey: Guid(94c0bb6b86a075741811cddca5b04a8c) Importer(815301076,1909f56bfc062723c751e8b465ee728b)
Start importing Assets/ReZStudios using Guid(94c0bb6b86a075741811cddca5b04a8c) Importer(815301076,1909f56bfc062723c751e8b465ee728b)  -> (artifact id: '9d10874af689c35427891c4453835cb9') in 0.006197 seconds
  Import took 0.012989 seconds .

========================================================================
Received Import Request.
  Time since last request: 0.001968 seconds.
  path: Assets/ReZStudios
  artifactKey: Guid(94c0bb6b86a075741811cddca5b04a8c) Importer(815301076,1909f56bfc062723c751e8b465ee728b)
Start importing Assets/ReZStudios using Guid(94c0bb6b86a075741811cddca5b04a8c) Importer(815301076,1909f56bfc062723c751e8b465ee728b)  -> (artifact id: '9d10874af689c35427891c4453835cb9') in 0.005973 seconds
  Import took 0.014397 seconds .

========================================================================
Received Import Request.
  Time since last request: 0.678312 seconds.
  path: Assets/ReZStudios/RCP- Caucasian
  artifactKey: Guid(461fd02228bafce4fab1da1e3170bb1b) Importer(815301076,1909f56bfc062723c751e8b465ee728b)
Start importing Assets/ReZStudios/RCP- Caucasian using Guid(461fd02228bafce4fab1da1e3170bb1b) Importer(815301076,1909f56bfc062723c751e8b465ee728b)  -> (artifact id: '06fa669cbdd803bc6cd041b27000b2fd') in 0.007038 seconds
  Import took 0.019817 seconds .

========================================================================
Received Import Request.
  Time since last request: 0.942783 seconds.
  path: Assets/ReZStudios/RCP- Caucasian/Models
  artifactKey: Guid(a59fc7dc5c32e5c4dac97321dfa5f8a8) Importer(815301076,1909f56bfc062723c751e8b465ee728b)
Start importing Assets/ReZStudios/RCP- Caucasian/Models using Guid(a59fc7dc5c32e5c4dac97321dfa5f8a8) Importer(815301076,1909f56bfc062723c751e8b465ee728b)  -> (artifact id: 'efa5fbbeade86798ecec6f7f617a1e09') in 0.009666 seconds
  Import took 0.022155 seconds .

========================================================================
Received Import Request.
  Time since last request: 1.267077 seconds.
  path: Assets/ReZStudios/RCP- Caucasian/Models/Male
  artifactKey: Guid(21938891227d5f149ab454d948135342) Importer(815301076,1909f56bfc062723c751e8b465ee728b)
Start importing Assets/ReZStudios/RCP- Caucasian/Models/Male using Guid(21938891227d5f149ab454d948135342) Importer(815301076,1909f56bfc062723c751e8b465ee728b)  -> (artifact id: '5bb2cee10029befb160216ae22f70ac0') in 0.007829 seconds
  Import took 0.017061 seconds .

========================================================================
Received Import Request.
  Time since last request: 0.004544 seconds.
  path: Assets/ReZStudios/RCP- Caucasian/Models/Male
  artifactKey: Guid(21938891227d5f149ab454d948135342) Importer(815301076,1909f56bfc062723c751e8b465ee728b)
Start importing Assets/ReZStudios/RCP- Caucasian/Models/Male using Guid(21938891227d5f149ab454d948135342) Importer(815301076,1909f56bfc062723c751e8b465ee728b)  -> (artifact id: '5bb2cee10029befb160216ae22f70ac0') in 0.006297 seconds
  Import took 0.015328 seconds .

========================================================================
Received Import Request.
  Time since last request: 0.060714 seconds.
  path: Assets/ReZStudios/RCP- Caucasian/Models/Male/CaucasianMale.fbx
  artifactKey: Guid(8b41235f3adb44f49ba4a0f1dcb446d2) Importer(815301076,1909f56bfc062723c751e8b465ee728b)
Start importing Assets/ReZStudios/RCP- Caucasian/Models/Male/CaucasianMale.fbx using Guid(8b41235f3adb44f49ba4a0f1dcb446d2) Importer(815301076,1909f56bfc062723c751e8b465ee728b)  -> (artifact id: 'ecba5ced6fcf2f78be01cf65188cc22d') in 0.994792 seconds
  Import took 1.037104 seconds .

========================================================================
Received Import Request.
  Time since last request: 0.096506 seconds.
  path: Assets/ReZStudios/RCP- Caucasian/Models/Male/CaucasianMale.fbx
  artifactKey: Guid(8b41235f3adb44f49ba4a0f1dcb446d2) Importer(815301076,1909f56bfc062723c751e8b465ee728b)
Start importing Assets/ReZStudios/RCP- Caucasian/Models/Male/CaucasianMale.fbx using Guid(8b41235f3adb44f49ba4a0f1dcb446d2) Importer(815301076,1909f56bfc062723c751e8b465ee728b)  -> (artifact id: 'ecba5ced6fcf2f78be01cf65188cc22d') in 0.288269 seconds
  Import took 0.301263 seconds .

========================================================================
Received Import Request.
  Time since last request: 49.319747 seconds.
  path: Assets/ReZStudios/RCP- Caucasian/Models/Female
  artifactKey: Guid(d0c72d77b0dc46f498a798689ecc5265) Importer(815301076,1909f56bfc062723c751e8b465ee728b)
Start importing Assets/ReZStudios/RCP- Caucasian/Models/Female using Guid(d0c72d77b0dc46f498a798689ecc5265) Importer(815301076,1909f56bfc062723c751e8b465ee728b)  -> (artifact id: '81ba1b0a9a373b914f87231b81d5fbda') in 0.007959 seconds
  Import took 0.015888 seconds .

========================================================================
Received Import Request.
  Time since last request: 0.053613 seconds.
  path: Assets/ReZStudios/RCP- Caucasian/Models/Female/CaucasianFemale.fbx
  artifactKey: Guid(e2da4e2ebec8fd448a3b76c2cca5c95a) Importer(815301076,1909f56bfc062723c751e8b465ee728b)
Start importing Assets/ReZStudios/RCP- Caucasian/Models/Female/CaucasianFemale.fbx using Guid(e2da4e2ebec8fd448a3b76c2cca5c95a) Importer(815301076,1909f56bfc062723c751e8b465ee728b)  -> (artifact id: '2488bd9cbca5ffedc477187aa9a4c016') in 0.295793 seconds
  Import took 0.305973 seconds .

AssetImportWorkerClient::OnTransportError - code=2 error=End of file
